<?xml version="1.0" encoding="UTF-8"?>
<!-- Generated by org.testng.reporters.JUnitReportReporter -->
<testsuite hostname="226-24" failures="0" tests="2" name="com.testautomation.grid.SeleniumGridDemo" time="6.667" errors="0" timestamp="21 Mar 2025 10:30:29 GMT" skipped="0">
  <testcase classname="com.testautomation.grid.SeleniumGridDemo" name="runTestOnChrome" time="2.942"/>
  <testcase classname="com.testautomation.grid.SeleniumGridDemo" name="runTestOnFirefox" time="3.725"/>
</testsuite> <!-- com.testautomation.grid.SeleniumGridDemo -->
